<?xml version="1.0" encoding="UTF-8"?>
<robot generator="Robot 6.0.2 (Python 3.10.5 on win32)" generated="20230505 17:37:56.348" rpa="false" schemaversion="3">
<suite id="s1" name="Amazon Testes" source="c:\Users\peniel.araujo\OneDrive - Spread Tecnologia\Projeto\CursoUdemy\RobotFramework\WebTesting\amazon_testes.robot">
<test id="s1-t1" name=" caso de teste 02 - Pesquisa de um Produto." line="19">
<kw name="Abrir o navegador" library="amazon_resources" type="SETUP">
<kw name="Open Browser" library="SeleniumLibrary">
<arg>browser=chrome</arg>
<doc>Opens a new browser instance to the optional ``url``.</doc>
<msg timestamp="20230505 17:37:56.668" level="INFO">Opening browser 'chrome' to base url 'None'.</msg>
<status status="PASS" starttime="20230505 17:37:56.667" endtime="20230505 17:37:58.173"/>
</kw>
<kw name="Maximize Browser Window" library="SeleniumLibrary">
<doc>Maximizes current browser window.</doc>
<status status="PASS" starttime="20230505 17:37:58.173" endtime="20230505 17:37:58.312"/>
</kw>
<status status="PASS" starttime="20230505 17:37:56.667" endtime="20230505 17:37:58.313"/>
</kw>
<kw name="Acessar a home page do site amazon.com.br" library="amazon_resources">
<kw name="Go To" library="SeleniumLibrary">
<arg>url=${URL}</arg>
<doc>Navigates the current browser window to the provided ``url``.</doc>
<msg timestamp="20230505 17:37:58.317" level="INFO">Opening url 'https://www.amazon.com.br/'</msg>
<status status="PASS" starttime="20230505 17:37:58.316" endtime="20230505 17:38:00.216"/>
</kw>
<kw name="Wait Until Element Is Visible" library="SeleniumLibrary">
<arg>locator=${MENU_ELETRONICOS}</arg>
<doc>Waits until the element ``locator`` is visible.</doc>
<status status="PASS" starttime="20230505 17:38:00.217" endtime="20230505 17:38:00.275"/>
</kw>
<status status="PASS" starttime="20230505 17:37:58.315" endtime="20230505 17:38:00.275"/>
</kw>
<kw name="Digitar o nome de produto &quot;Xbox Series S&quot; no campo Pesquisa" library="amazon_resources" sourcename="Digitar o nome de produto &quot;${PRODUTO}&quot; no campo Pesquisa">
<kw name="Input Text" library="SeleniumLibrary">
<arg>locator=twotabsearchtextbox</arg>
<arg>text=${PRODUTO}</arg>
<doc>Types the given ``text`` into the text field identified by ``locator``.</doc>
<msg timestamp="20230505 17:38:00.278" level="INFO">Typing text 'Xbox Series S' into text field 'twotabsearchtextbox'.</msg>
<status status="PASS" starttime="20230505 17:38:00.277" endtime="20230505 17:38:00.499"/>
</kw>
<status status="PASS" starttime="20230505 17:38:00.276" endtime="20230505 17:38:00.500"/>
</kw>
<kw name="Clicar no botão de pesquisa" library="amazon_resources">
<kw name="Click Element" library="SeleniumLibrary">
<arg>locator=nav-search-submit-button</arg>
<doc>Click the element identified by ``locator``.</doc>
<msg timestamp="20230505 17:38:00.504" level="INFO">Clicking element 'nav-search-submit-button'.</msg>
<status status="PASS" starttime="20230505 17:38:00.502" endtime="20230505 17:38:03.384"/>
</kw>
<status status="PASS" starttime="20230505 17:38:00.501" endtime="20230505 17:38:03.386"/>
</kw>
<kw name="Verificar o resultado da pesquisa se está listando o produto &quot;Xbox Series S&quot;" library="amazon_resources" sourcename="Verificar o resultado da pesquisa se está listando o produto &quot;${PRODUTO}&quot;">
<kw name="Wait Until Element Is Visible" library="SeleniumLibrary">
<arg>locator=(//span[contains(.,'${PRODUTO}')])[3]</arg>
<doc>Waits until the element ``locator`` is visible.</doc>
<status status="PASS" starttime="20230505 17:38:03.388" endtime="20230505 17:38:03.433"/>
</kw>
<status status="PASS" starttime="20230505 17:38:03.388" endtime="20230505 17:38:03.433"/>
</kw>
<kw name="Fechar o navegador" library="amazon_resources" type="TEARDOWN">
<kw name="Capture Page Screenshot" library="SeleniumLibrary">
<doc>Takes a screenshot of the current page and embeds it into a log file.</doc>
<msg timestamp="20230505 17:38:03.696" level="INFO" html="true">&lt;/td&gt;&lt;/tr&gt;&lt;tr&gt;&lt;td colspan="3"&gt;&lt;a href="selenium-screenshot-21.png"&gt;&lt;img src="selenium-screenshot-21.png" width="800px"&gt;&lt;/a&gt;</msg>
<status status="PASS" starttime="20230505 17:38:03.434" endtime="20230505 17:38:03.697"/>
</kw>
<kw name="Close Browser" library="SeleniumLibrary">
<doc>Closes the current browser.</doc>
<status status="PASS" starttime="20230505 17:38:03.697" endtime="20230505 17:38:06.012"/>
</kw>
<status status="PASS" starttime="20230505 17:38:03.433" endtime="20230505 17:38:06.012"/>
</kw>
<doc>Esse teste verifica a busca de um poduto</doc>
<tag>busca_produtos</tag>
<tag>lista_busca</tag>
<status status="PASS" starttime="20230505 17:37:56.666" endtime="20230505 17:38:06.013"/>
</test>
<doc>Essa suite testa o site da Amazon.com.br</doc>
<status status="PASS" starttime="20230505 17:37:56.355" endtime="20230505 17:38:06.015"/>
</suite>
<statistics>
<total>
<stat pass="1" fail="0" skip="0">All Tests</stat>
</total>
<tag>
<stat pass="1" fail="0" skip="0">busca_produtos</stat>
<stat pass="1" fail="0" skip="0">lista_busca</stat>
</tag>
<suite>
<stat pass="1" fail="0" skip="0" id="s1" name="Amazon Testes">Amazon Testes</stat>
</suite>
</statistics>
<errors>
</errors>
</robot>
