<?xml version="1.0" encoding="UTF-8"?>
<robot generator="Robot 6.0.2 (Python 3.10.5 on win32)" generated="20230505 18:38:26.005" rpa="false" schemaversion="3">
<suite id="s1" name="amazon testes gherkin BDD" source="C:\Users\peniel.araujo\OneDrive - Spread Tecnologia\Projeto\CursoUdemy\RobotFramework\WebTesting\amazon_testes_gherkin_BDD.robot">
<test id="s1-t1" name="caso de testes 01 - Acesso ao menu &quot;Eletronicos&quot;" line="8">
<kw name="Abrir o navegador" library="amazon_resources" type="SETUP">
<kw name="Open Browser" library="SeleniumLibrary">
<arg>browser=chrome</arg>
<doc>Opens a new browser instance to the optional ``url``.</doc>
<msg timestamp="20230505 18:38:26.230" level="INFO">Opening browser 'chrome' to base url 'None'.</msg>
<status status="PASS" starttime="20230505 18:38:26.230" endtime="20230505 18:38:27.485"/>
</kw>
<kw name="Maximize Browser Window" library="SeleniumLibrary">
<doc>Maximizes current browser window.</doc>
<status status="PASS" starttime="20230505 18:38:27.485" endtime="20230505 18:38:27.619"/>
</kw>
<status status="PASS" starttime="20230505 18:38:26.229" endtime="20230505 18:38:27.619"/>
</kw>
<kw name="Dado que estou na home page da Amazon.com.br" library="amazon_resources">
<kw name="Acessar a home page do site amazon.com.br" library="amazon_resources">
<kw name="Go To" library="SeleniumLibrary">
<arg>url=${URL}</arg>
<doc>Navigates the current browser window to the provided ``url``.</doc>
<msg timestamp="20230505 18:38:27.621" level="INFO">Opening url 'https://www.amazon.com.br/'</msg>
<status status="PASS" starttime="20230505 18:38:27.620" endtime="20230505 18:38:28.698"/>
</kw>
<kw name="Wait Until Element Is Visible" library="SeleniumLibrary">
<arg>locator=${MENU_ELETRONICOS}</arg>
<doc>Waits until the element ``locator`` is visible.</doc>
<msg timestamp="20230505 18:38:34.049" level="INFO" html="true">&lt;/td&gt;&lt;/tr&gt;&lt;tr&gt;&lt;td colspan="3"&gt;&lt;a href="selenium-screenshot-3.png"&gt;&lt;img src="selenium-screenshot-3.png" width="800px"&gt;&lt;/a&gt;</msg>
<msg timestamp="20230505 18:38:34.049" level="FAIL">Element '//a[@href='/Eletronicos-e-Tecnologia/b/?ie=UTF8&amp;node=16209062011&amp;ref_=nav_cs_electronics'][contains(.,'Eletrônicos')]' not visible after 5 seconds.</msg>
<status status="FAIL" starttime="20230505 18:38:28.698" endtime="20230505 18:38:34.052"/>
</kw>
<status status="FAIL" starttime="20230505 18:38:27.620" endtime="20230505 18:38:34.053"/>
</kw>
<kw name="Verificar se o titulo da pagina fica &quot;Amazon.com.br | Tudo pra você, de A a Z.&quot;" library="amazon_resources" sourcename="Verificar se o titulo da pagina fica &quot;${TITULO}&quot;">
<status status="NOT RUN" starttime="20230505 18:38:34.053" endtime="20230505 18:38:34.053"/>
</kw>
<status status="FAIL" starttime="20230505 18:38:27.620" endtime="20230505 18:38:34.053"/>
</kw>
<kw name="Quando acessar o menu &quot;Eletrônicos&quot;" library="amazon_resources">
<status status="NOT RUN" starttime="20230505 18:38:34.054" endtime="20230505 18:38:34.054"/>
</kw>
<kw name="Então o título da página deve ficar &quot;Eletrônicos e Tecnologia | Amazon.com.br&quot;" library="amazon_resources">
<status status="NOT RUN" starttime="20230505 18:38:34.054" endtime="20230505 18:38:34.054"/>
</kw>
<kw name="E o texto &quot;Eletrônicos e Tecnologia&quot; deve ser exibido na página" library="amazon_resources">
<status status="NOT RUN" starttime="20230505 18:38:34.054" endtime="20230505 18:38:34.054"/>
</kw>
<kw name="E a categoria &quot;Computadores e Informática&quot; deve ser exibida na página" library="amazon_resources">
<status status="NOT RUN" starttime="20230505 18:38:34.055" endtime="20230505 18:38:34.055"/>
</kw>
<kw name="Fechar o navegador" library="amazon_resources" type="TEARDOWN">
<kw name="Capture Page Screenshot" library="SeleniumLibrary">
<doc>Takes a screenshot of the current page and embeds it into a log file.</doc>
<msg timestamp="20230505 18:38:34.308" level="INFO" html="true">&lt;/td&gt;&lt;/tr&gt;&lt;tr&gt;&lt;td colspan="3"&gt;&lt;a href="selenium-screenshot-4.png"&gt;&lt;img src="selenium-screenshot-4.png" width="800px"&gt;&lt;/a&gt;</msg>
<status status="PASS" starttime="20230505 18:38:34.055" endtime="20230505 18:38:34.308"/>
</kw>
<kw name="Close Browser" library="SeleniumLibrary">
<doc>Closes the current browser.</doc>
<status status="PASS" starttime="20230505 18:38:34.308" endtime="20230505 18:38:36.591"/>
</kw>
<status status="PASS" starttime="20230505 18:38:34.055" endtime="20230505 18:38:36.591"/>
</kw>
<doc>esse teste verifica o menu eletronico do site da Amazon.com.br
e verifica a categoria Computadores e Informatica</doc>
<tag>categorias</tag>
<tag>menus</tag>
<status status="FAIL" starttime="20230505 18:38:26.228" endtime="20230505 18:38:36.592">Element '//a[@href='/Eletronicos-e-Tecnologia/b/?ie=UTF8&amp;node=16209062011&amp;ref_=nav_cs_electronics'][contains(.,'Eletrônicos')]' not visible after 5 seconds.</status>
</test>
<doc>Essa suite testa o site da Amazon.com.br</doc>
<status status="FAIL" starttime="20230505 18:38:26.007" endtime="20230505 18:38:36.596"/>
</suite>
<statistics>
<total>
<stat pass="0" fail="1" skip="0">All Tests</stat>
</total>
<tag>
<stat pass="0" fail="1" skip="0">categorias</stat>
<stat pass="0" fail="1" skip="0">menus</stat>
</tag>
<suite>
<stat pass="0" fail="1" skip="0" id="s1" name="amazon testes gherkin BDD">amazon testes gherkin BDD</stat>
</suite>
</statistics>
<errors>
</errors>
</robot>
