<?xml version="1.0" encoding="UTF-8"?>
<robot generator="Robot 6.0.2 (Python 3.10.5 on win32)" generated="20230504 11:42:03.306" rpa="false" schemaversion="3">
<suite id="s1" name="Amazon Testes" source="C:\Users\peniel.araujo\OneDrive - Spread Tecnologia\Projeto\CursoUdemy\RobotFramework\WebTesting\amazon_testes.robot">
<test id="s1-t1" name="caso de testes 01 - Acesso ao menu &quot;Eletronicos&quot;" line="8">
<kw name="Abrir o navegador" library="amazon_resources" type="SETUP">
<kw name="Open Browser" library="SeleniumLibrary">
<arg>browser=chrome</arg>
<doc>Opens a new browser instance to the optional ``url``.</doc>
<msg timestamp="20230504 11:42:03.562" level="INFO">Opening browser 'chrome' to base url 'None'.</msg>
<status status="PASS" starttime="20230504 11:42:03.561" endtime="20230504 11:42:05.031"/>
</kw>
<status status="PASS" starttime="20230504 11:42:03.561" endtime="20230504 11:42:05.032"/>
</kw>
<kw name="Acessar a home page do site Amazon.com.br">
<msg timestamp="20230504 11:42:05.038" level="FAIL">No keyword with name 'Acessar a home page do site Amazon.com.br' found.</msg>
<status status="FAIL" starttime="20230504 11:42:05.038" endtime="20230504 11:42:05.038"/>
</kw>
<kw name="Entrar no menu &quot;Eletrônicos&quot;">
<status status="NOT RUN" starttime="20230504 11:42:05.042" endtime="20230504 11:42:05.042"/>
</kw>
<kw name="Verificar se o titulo da pagina fica &quot;Eletronicos e Tecnologia | Amazon.com.br&quot;">
<status status="NOT RUN" starttime="20230504 11:42:05.045" endtime="20230504 11:42:05.045"/>
</kw>
<kw name="Verificar se aparece a frase &quot;Eletronicos e Tecnologia&quot;">
<status status="NOT RUN" starttime="20230504 11:42:05.048" endtime="20230504 11:42:05.048"/>
</kw>
<kw name="Verificar se aparece a categoria &quot;Computadores e informatica&quot;">
<status status="NOT RUN" starttime="20230504 11:42:05.050" endtime="20230504 11:42:05.050"/>
</kw>
<kw name="Fechar o navegador" library="amazon_resources" type="TEARDOWN">
<kw name="Close Browser" library="SeleniumLibrary">
<doc>Closes the current browser.</doc>
<status status="PASS" starttime="20230504 11:42:05.052" endtime="20230504 11:42:07.289"/>
</kw>
<status status="PASS" starttime="20230504 11:42:05.052" endtime="20230504 11:42:07.289"/>
</kw>
<doc>esse teste verifica o menu eletronico do site da Amazon.com.br
e verifica a categoria Computadores e Informatica</doc>
<tag>categorias</tag>
<tag>menus</tag>
<status status="FAIL" starttime="20230504 11:42:03.560" endtime="20230504 11:42:07.290">No keyword with name 'Acessar a home page do site Amazon.com.br' found.</status>
</test>
<test id="s1-t2" name="caso de teste 02 - Pesquisa de um Produto" line="18">
<kw name="Abrir o navegador" library="amazon_resources" type="SETUP">
<kw name="Open Browser" library="SeleniumLibrary">
<arg>browser=chrome</arg>
<doc>Opens a new browser instance to the optional ``url``.</doc>
<msg timestamp="20230504 11:42:07.292" level="INFO">Opening browser 'chrome' to base url 'None'.</msg>
<status status="PASS" starttime="20230504 11:42:07.292" endtime="20230504 11:42:08.633"/>
</kw>
<status status="PASS" starttime="20230504 11:42:07.292" endtime="20230504 11:42:08.633"/>
</kw>
<kw name="Acessar a home page do site Amazon.com.br">
<msg timestamp="20230504 11:42:08.641" level="FAIL">No keyword with name 'Acessar a home page do site Amazon.com.br' found.</msg>
<status status="FAIL" starttime="20230504 11:42:08.640" endtime="20230504 11:42:08.641"/>
</kw>
<kw name="Digitar o nome de produto &quot;Xbox Series S&quot; no campo Pesquisa">
<status status="NOT RUN" starttime="20230504 11:42:08.645" endtime="20230504 11:42:08.645"/>
</kw>
<kw name="Clicar no botão de pesquisa">
<status status="NOT RUN" starttime="20230504 11:42:08.647" endtime="20230504 11:42:08.647"/>
</kw>
<kw name="Verificar o resultado da pesquisa se está listando o produto pesquisado">
<status status="NOT RUN" starttime="20230504 11:42:08.651" endtime="20230504 11:42:08.652"/>
</kw>
<kw name="Fechar o navegador" library="amazon_resources" type="TEARDOWN">
<kw name="Close Browser" library="SeleniumLibrary">
<doc>Closes the current browser.</doc>
<status status="PASS" starttime="20230504 11:42:08.654" endtime="20230504 11:42:10.967"/>
</kw>
<status status="PASS" starttime="20230504 11:42:08.653" endtime="20230504 11:42:10.968"/>
</kw>
<doc>Esse teste verifica a busca de um poduto</doc>
<tag>busca_produtos</tag>
<tag>lista_busca</tag>
<status status="FAIL" starttime="20230504 11:42:07.291" endtime="20230504 11:42:10.968">No keyword with name 'Acessar a home page do site Amazon.com.br' found.</status>
</test>
<doc>Essa suite testa o site da Amazon.com.br</doc>
<status status="FAIL" starttime="20230504 11:42:03.310" endtime="20230504 11:42:10.970"/>
</suite>
<statistics>
<total>
<stat pass="0" fail="2" skip="0">All Tests</stat>
</total>
<tag>
<stat pass="0" fail="1" skip="0">busca_produtos</stat>
<stat pass="0" fail="1" skip="0">categorias</stat>
<stat pass="0" fail="1" skip="0">lista_busca</stat>
<stat pass="0" fail="1" skip="0">menus</stat>
</tag>
<suite>
<stat pass="0" fail="2" skip="0" id="s1" name="Amazon Testes">Amazon Testes</stat>
</suite>
</statistics>
<errors>
</errors>
</robot>
